::1 - - [23/Sep/2020:11:13:20 +0000] "GET /favicon.ico HTTP/1.1" 404 150 "http://localhost:8000/" "Mozilla/5.0 (Windows NT 6.3; Win64; x64) AppleWebKit/537.36 (KHTML, like Gecko) Chrome/85.0.4183.121 Safari/537.36"
::1 - - [23/Sep/2020:11:24:20 +0000] "GET / HTTP/1.1" 404 139 "-" "Mozilla/5.0 (Windows NT 6.3; Win64; x64) AppleWebKit/537.36 (KHTML, like Gecko) Chrome/85.0.4183.121 Safari/537.36"
::1 - - [23/Sep/2020:12:10:39 +0000] "GET / HTTP/1.1" 404 139 "-" "PostmanRuntime/7.26.5"
::1 - - [23/Sep/2020:13:14:50 +0000] "GET /api/view HTTP/1.1" 200 10 "-" "PostmanRuntime/7.26.5"
::1 - - [23/Sep/2020:13:26:25 +0000] "POST /api/signup HTTP/1.1" - - "-" "PostmanRuntime/7.26.5"
::1 - - [23/Sep/2020:13:27:10 +0000] "POST /api/signup HTTP/1.1" 400 378 "-" "PostmanRuntime/7.26.5"
::1 - - [23/Sep/2020:13:27:37 +0000] "POST /api/signup HTTP/1.1" 201 215 "-" "PostmanRuntime/7.26.5"
::1 - - [23/Sep/2020:13:39:46 +0000] "POST /api/signup HTTP/1.1" 400 400 "-" "PostmanRuntime/7.26.5"
::1 - - [23/Sep/2020:13:41:13 +0000] "POST /api/signup HTTP/1.1" 400 400 "-" "PostmanRuntime/7.26.5"
::1 - - [23/Sep/2020:13:41:26 +0000] "POST /api/signup HTTP/1.1" 400 400 "-" "PostmanRuntime/7.26.5"
::1 - - [23/Sep/2020:13:46:37 +0000] "POST /api/signup HTTP/1.1" 400 706 "-" "PostmanRuntime/7.26.5"
::1 - - [23/Sep/2020:13:46:56 +0000] "POST /api/signup HTTP/1.1" 400 400 "-" "PostmanRuntime/7.26.5"
::1 - - [23/Sep/2020:13:52:30 +0000] "POST /api/signup HTTP/1.1" 201 292 "-" "PostmanRuntime/7.26.5"
::1 - - [23/Sep/2020:13:53:36 +0000] "POST /api/signup HTTP/1.1" 400 122 "-" "PostmanRuntime/7.26.5"
::1 - - [23/Sep/2020:13:56:37 +0000] "POST /api/signup HTTP/1.1" 201 294 "-" "PostmanRuntime/7.26.5"
::1 - - [23/Sep/2020:14:21:46 +0000] "POST /api/signup HTTP/1.1" 201 304 "-" "PostmanRuntime/7.26.5"
::1 - - [23/Sep/2020:14:22:00 +0000] "POST /api/signup HTTP/1.1" 400 2 "-" "PostmanRuntime/7.26.5"
::1 - - [23/Sep/2020:14:23:12 +0000] "POST /api/signup HTTP/1.1" 400 93 "-" "PostmanRuntime/7.26.5"
::1 - - [23/Sep/2020:14:28:14 +0000] "POST /api/signup HTTP/1.1" 201 192 "-" "PostmanRuntime/7.26.5"
::1 - - [23/Sep/2020:14:32:44 +0000] "POST /api/signup HTTP/1.1" 201 191 "-" "PostmanRuntime/7.26.5"
::1 - - [24/Sep/2020:07:44:20 +0000] "POST /api/signup HTTP/1.1" 201 202 "-" "PostmanRuntime/7.26.5"
::1 - - [24/Sep/2020:07:44:33 +0000] "POST /api/signup HTTP/1.1" 400 28 "-" "PostmanRuntime/7.26.5"
::1 - - [24/Sep/2020:07:45:07 +0000] "POST /api/signup HTTP/1.1" 400 32 "-" "PostmanRuntime/7.26.5"
::1 - - [24/Sep/2020:07:45:30 +0000] "POST /api/signup HTTP/1.1" 400 55 "-" "PostmanRuntime/7.26.5"
::1 - - [24/Sep/2020:07:45:38 +0000] "POST /api/signup HTTP/1.1" 400 42 "-" "PostmanRuntime/7.26.5"
::1 - - [24/Sep/2020:07:45:57 +0000] "POST /api/signup HTTP/1.1" 400 93 "-" "PostmanRuntime/7.26.5"
::1 - - [24/Sep/2020:07:46:11 +0000] "POST /api/signup HTTP/1.1" 201 191 "-" "PostmanRuntime/7.26.5"
::1 - - [24/Sep/2020:08:36:12 +0000] "GET /api/signin HTTP/1.1" 404 149 "-" "PostmanRuntime/7.26.5"
::1 - - [24/Sep/2020:08:36:18 +0000] "POST /api/signin HTTP/1.1" 400 10 "-" "PostmanRuntime/7.26.5"
::1 - - [24/Sep/2020:08:37:52 +0000] "POST /api/signin HTTP/1.1" 400 10 "-" "PostmanRuntime/7.26.5"
::1 - - [24/Sep/2020:08:39:02 +0000] "POST /api/signin HTTP/1.1" 400 10 "-" "PostmanRuntime/7.26.5"
::1 - - [24/Sep/2020:08:43:08 +0000] "POST /api/signin HTTP/1.1" 400 10 "-" "PostmanRuntime/7.26.5"
::1 - - [24/Sep/2020:08:44:50 +0000] "POST /api/signin HTTP/1.1" - - "-" "PostmanRuntime/7.26.5"
::1 - - [24/Sep/2020:08:47:18 +0000] "POST /api/signin HTTP/1.1" 400 10 "-" "PostmanRuntime/7.26.5"
::1 - - [24/Sep/2020:08:52:25 +0000] "POST /api/signin HTTP/1.1" 400 10 "-" "PostmanRuntime/7.26.5"
::1 - - [24/Sep/2020:08:55:28 +0000] "POST /api/signin HTTP/1.1" - - "-" "PostmanRuntime/7.26.5"
::1 - - [24/Sep/2020:08:56:23 +0000] "POST /api/signin HTTP/1.1" 400 45 "-" "PostmanRuntime/7.26.5"
::1 - - [24/Sep/2020:08:57:16 +0000] "POST /api/signin HTTP/1.1" 400 45 "-" "PostmanRuntime/7.26.5"
::1 - - [24/Sep/2020:08:58:58 +0000] "POST /api/signin HTTP/1.1" 400 45 "-" "PostmanRuntime/7.26.5"
::1 - - [24/Sep/2020:09:41:59 +0000] "POST /api/signin HTTP/1.1" 400 62 "-" "PostmanRuntime/7.26.5"
::1 - - [24/Sep/2020:09:55:27 +0000] "POST /api/signin HTTP/1.1" 400 62 "-" "PostmanRuntime/7.26.5"
::1 - - [24/Sep/2020:09:56:16 +0000] "POST /api/signin HTTP/1.1" 200 252 "-" "PostmanRuntime/7.26.5"
::1 - - [24/Sep/2020:10:07:21 +0000] "GET /api/signout HTTP/1.1" 404 150 "-" "PostmanRuntime/7.26.5"
::1 - - [24/Sep/2020:10:11:24 +0000] "GET /api/signout HTTP/1.1" 404 150 "-" "PostmanRuntime/7.26.5"
::1 - - [24/Sep/2020:10:12:00 +0000] "GET /api/signout HTTP/1.1" 404 150 "-" "PostmanRuntime/7.26.5"
::1 - - [24/Sep/2020:10:12:39 +0000] "GET /api/signout HTTP/1.1" 404 150 "-" "PostmanRuntime/7.26.5"
::1 - - [24/Sep/2020:10:14:15 +0000] "POST /api/signin HTTP/1.1" 200 252 "-" "PostmanRuntime/7.26.5"
::1 - - [24/Sep/2020:10:14:21 +0000] "GET /api/signout HTTP/1.1" 404 150 "-" "PostmanRuntime/7.26.5"
::1 - - [24/Sep/2020:10:16:25 +0000] "GET /api/signout HTTP/1.1" 200 29 "-" "PostmanRuntime/7.26.5"
